2020-09-15 15:17:53.237  INFO [  restartedMain]  c.alan.hrsys.HrsysSpringbootApplication [logStarting,55] : Starting HrsysSpringbootApplication on Hasee-PC with PID 15144 (F:\ideaProjects\hrproject\hrsys_springboot\target\classes started by hasee in F:\ideaProjects\hrproject\hrsys_springboot)
2020-09-15 15:17:53.238  INFO [  restartedMain]  c.alan.hrsys.HrsysSpringbootApplication [logStartupProfileInfo,651] : No active profile set, falling back to default profiles: default
2020-09-15 15:17:53.331  INFO [  restartedMain] .e.DevToolsPropertyDefaultsPostProcessor [     logTo,225] : Devtools property defaults active! Set 'spring.devtools.add-properties' to 'false' to disable
2020-09-15 15:17:53.331  INFO [  restartedMain] .e.DevToolsPropertyDefaultsPostProcessor [     logTo,225] : For additional web related logging consider setting the 'logging.level.web' property to 'DEBUG'
2020-09-15 15:17:55.369  INFO [  restartedMain]  o.s.b.w.embedded.tomcat.TomcatWebServer [initialize,108] : Tomcat initialized with port(s): 8090 (http)
2020-09-15 15:17:55.379  INFO [  restartedMain] o.apache.coyote.http11.Http11NioProtocol [       log,173] : Initializing ProtocolHandler ["http-nio-8090"]
2020-09-15 15:17:55.379  INFO [  restartedMain] org.apache.catalina.core.StandardService [       log,173] : Starting service [Tomcat]
2020-09-15 15:17:55.380  INFO [  restartedMain]  org.apache.catalina.core.StandardEngine [       log,173] : Starting Servlet engine: [Apache Tomcat/9.0.36]
2020-09-15 15:17:55.666  INFO [  restartedMain]     org.apache.jasper.servlet.TldScanner [       log,173] : At least one JAR was scanned for TLDs yet contained no TLDs. Enable debug logging for this logger for a complete list of JARs that were scanned but no TLDs were found in them. Skipping unneeded JARs during scanning can improve startup time and JSP compilation time.
2020-09-15 15:17:55.672  INFO [  restartedMain]       o.a.c.c.C.[Tomcat].[localhost].[/] [       log,173] : Initializing Spring embedded WebApplicationContext
2020-09-15 15:17:55.672  INFO [  restartedMain] w.s.c.ServletWebServerApplicationContext [prepareWebApplicationContext,285] : Root WebApplicationContext: initialization completed in 2340 ms
2020-09-15 15:17:56.333  INFO [  restartedMain]  o.s.s.concurrent.ThreadPoolTaskExecutor [initialize,181] : Initializing ExecutorService 'applicationTaskExecutor'
2020-09-15 15:17:56.448  INFO [  restartedMain]    o.s.b.a.w.s.WelcomePageHandlerMapping [    <init>,58] : Adding welcome page template: index
2020-09-15 15:17:56.754  INFO [  restartedMain]       o.s.b.d.a.OptionalLiveReloadServer [startServer,58] : LiveReload server is running on port 35729
2020-09-15 15:17:56.774  INFO [  restartedMain] o.apache.coyote.http11.Http11NioProtocol [       log,173] : Starting ProtocolHandler ["http-nio-8090"]
2020-09-15 15:17:56.804  INFO [  restartedMain]  o.s.b.w.embedded.tomcat.TomcatWebServer [     start,220] : Tomcat started on port(s): 8090 (http) with context path ''
2020-09-15 15:17:56.838  INFO [  restartedMain]  c.alan.hrsys.HrsysSpringbootApplication [logStarted,61] : Started HrsysSpringbootApplication in 4.362 seconds (JVM running for 6.081)
2020-09-15 15:21:07.206  INFO [  restartedMain]  c.alan.hrsys.HrsysSpringbootApplication [logStarting,55] : Starting HrsysSpringbootApplication on Hasee-PC with PID 11904 (F:\ideaProjects\hrproject\hrsys_springboot\target\classes started by hasee in F:\ideaProjects\hrproject\hrsys_springboot)
2020-09-15 15:21:07.208  INFO [  restartedMain]  c.alan.hrsys.HrsysSpringbootApplication [logStartupProfileInfo,651] : No active profile set, falling back to default profiles: default
2020-09-15 15:21:07.291  INFO [  restartedMain] .e.DevToolsPropertyDefaultsPostProcessor [     logTo,225] : Devtools property defaults active! Set 'spring.devtools.add-properties' to 'false' to disable
2020-09-15 15:21:07.291  INFO [  restartedMain] .e.DevToolsPropertyDefaultsPostProcessor [     logTo,225] : For additional web related logging consider setting the 'logging.level.web' property to 'DEBUG'
2020-09-15 15:21:09.538  INFO [  restartedMain]  o.s.b.w.embedded.tomcat.TomcatWebServer [initialize,108] : Tomcat initialized with port(s): 8090 (http)
2020-09-15 15:21:09.548  INFO [  restartedMain] o.apache.coyote.http11.Http11NioProtocol [       log,173] : Initializing ProtocolHandler ["http-nio-8090"]
2020-09-15 15:21:09.549  INFO [  restartedMain] org.apache.catalina.core.StandardService [       log,173] : Starting service [Tomcat]
2020-09-15 15:21:09.549  INFO [  restartedMain]  org.apache.catalina.core.StandardEngine [       log,173] : Starting Servlet engine: [Apache Tomcat/9.0.36]
2020-09-15 15:21:09.855  INFO [  restartedMain]     org.apache.jasper.servlet.TldScanner [       log,173] : At least one JAR was scanned for TLDs yet contained no TLDs. Enable debug logging for this logger for a complete list of JARs that were scanned but no TLDs were found in them. Skipping unneeded JARs during scanning can improve startup time and JSP compilation time.
2020-09-15 15:21:09.860  INFO [  restartedMain]       o.a.c.c.C.[Tomcat].[localhost].[/] [       log,173] : Initializing Spring embedded WebApplicationContext
2020-09-15 15:21:09.861  INFO [  restartedMain] w.s.c.ServletWebServerApplicationContext [prepareWebApplicationContext,285] : Root WebApplicationContext: initialization completed in 2569 ms
2020-09-15 15:21:10.899  INFO [  restartedMain]  o.s.s.concurrent.ThreadPoolTaskExecutor [initialize,181] : Initializing ExecutorService 'applicationTaskExecutor'
2020-09-15 15:21:11.060  INFO [  restartedMain]    o.s.b.a.w.s.WelcomePageHandlerMapping [    <init>,58] : Adding welcome page template: index
2020-09-15 15:21:11.517  INFO [  restartedMain]       o.s.b.d.a.OptionalLiveReloadServer [startServer,58] : LiveReload server is running on port 35729
2020-09-15 15:21:11.552  INFO [  restartedMain] o.apache.coyote.http11.Http11NioProtocol [       log,173] : Starting ProtocolHandler ["http-nio-8090"]
2020-09-15 15:21:11.591  INFO [  restartedMain]  o.s.b.w.embedded.tomcat.TomcatWebServer [     start,220] : Tomcat started on port(s): 8090 (http) with context path ''
2020-09-15 15:21:11.624  INFO [  restartedMain]  c.alan.hrsys.HrsysSpringbootApplication [logStarted,61] : Started HrsysSpringbootApplication in 5.113 seconds (JVM running for 6.808)
2020-09-15 15:23:34.538  INFO [  restartedMain]  c.alan.hrsys.HrsysSpringbootApplication [logStarting,55] : Starting HrsysSpringbootApplication on Hasee-PC with PID 13992 (F:\ideaProjects\hrproject\hrsys_springboot\target\classes started by hasee in F:\ideaProjects\hrproject\hrsys_springboot)
2020-09-15 15:23:34.540  INFO [  restartedMain]  c.alan.hrsys.HrsysSpringbootApplication [logStartupProfileInfo,651] : No active profile set, falling back to default profiles: default
2020-09-15 15:23:34.636  INFO [  restartedMain] .e.DevToolsPropertyDefaultsPostProcessor [     logTo,225] : Devtools property defaults active! Set 'spring.devtools.add-properties' to 'false' to disable
2020-09-15 15:23:34.637  INFO [  restartedMain] .e.DevToolsPropertyDefaultsPostProcessor [     logTo,225] : For additional web related logging consider setting the 'logging.level.web' property to 'DEBUG'
2020-09-15 15:23:37.038  INFO [  restartedMain]  o.s.b.w.embedded.tomcat.TomcatWebServer [initialize,108] : Tomcat initialized with port(s): 8090 (http)
2020-09-15 15:23:37.050  INFO [  restartedMain] o.apache.coyote.http11.Http11NioProtocol [       log,173] : Initializing ProtocolHandler ["http-nio-8090"]
2020-09-15 15:23:37.051  INFO [  restartedMain] org.apache.catalina.core.StandardService [       log,173] : Starting service [Tomcat]
2020-09-15 15:23:37.051  INFO [  restartedMain]  org.apache.catalina.core.StandardEngine [       log,173] : Starting Servlet engine: [Apache Tomcat/9.0.36]
2020-09-15 15:23:37.441  INFO [  restartedMain]     org.apache.jasper.servlet.TldScanner [       log,173] : At least one JAR was scanned for TLDs yet contained no TLDs. Enable debug logging for this logger for a complete list of JARs that were scanned but no TLDs were found in them. Skipping unneeded JARs during scanning can improve startup time and JSP compilation time.
2020-09-15 15:23:37.449  INFO [  restartedMain]       o.a.c.c.C.[Tomcat].[localhost].[/] [       log,173] : Initializing Spring embedded WebApplicationContext
2020-09-15 15:23:37.450  INFO [  restartedMain] w.s.c.ServletWebServerApplicationContext [prepareWebApplicationContext,285] : Root WebApplicationContext: initialization completed in 2813 ms
2020-09-15 15:23:38.311  INFO [  restartedMain]  o.s.s.concurrent.ThreadPoolTaskExecutor [initialize,181] : Initializing ExecutorService 'applicationTaskExecutor'
2020-09-15 15:23:38.438  INFO [  restartedMain]    o.s.b.a.w.s.WelcomePageHandlerMapping [    <init>,58] : Adding welcome page template: index
2020-09-15 15:23:38.786  INFO [  restartedMain]       o.s.b.d.a.OptionalLiveReloadServer [startServer,58] : LiveReload server is running on port 35729
2020-09-15 15:23:38.813  INFO [  restartedMain] o.apache.coyote.http11.Http11NioProtocol [       log,173] : Starting ProtocolHandler ["http-nio-8090"]
2020-09-15 15:23:38.845  INFO [  restartedMain]  o.s.b.w.embedded.tomcat.TomcatWebServer [     start,220] : Tomcat started on port(s): 8090 (http) with context path ''
2020-09-15 15:23:38.878  INFO [  restartedMain]  c.alan.hrsys.HrsysSpringbootApplication [logStarted,61] : Started HrsysSpringbootApplication in 5.069 seconds (JVM running for 6.676)
